
Showing logs for build [32mhgautam-my-golang-master-releas-5f8zc-2[0m stage [32mfrom-build-pack[0m and container [32mstep-credential-initializer-28r96[0m
{"level":"info","ts":1592445391.0560112,"logger":"fallback-logger","caller":"logging/config.go:69","msg":"Fetch GitHub commit ID from kodata failed: open /var/run/ko/refs/heads/0.8.0-ns-support: no such file or directory"}
{"level":"info","ts":1592445391.0567718,"logger":"fallback-logger","caller":"creds-init/main.go:40","msg":"Credentials initialized."}

Showing logs for build [32mhgautam-my-golang-master-releas-5f8zc-2[0m stage [32mfrom-build-pack[0m and container [32mstep-working-dir-initializer-c74gb[0m
{"level":"info","ts":1592445392.0109386,"logger":"fallback-logger","caller":"logging/config.go:69","msg":"Fetch GitHub commit ID from kodata failed: open /var/run/ko/HEAD: no such file or directory"}
{"level":"info","ts":1592445392.0131767,"logger":"fallback-logger","caller":"bash/main.go:64","msg":"Successfully executed command \"sh -c mkdir -p /workspace/source\"; output "}

Showing logs for build [32mhgautam-my-golang-master-releas-5f8zc-2[0m stage [32mfrom-build-pack[0m and container [32mstep-place-tools[0m

Showing logs for build [32mhgautam-my-golang-master-releas-5f8zc-2[0m stage [32mfrom-build-pack[0m and container [32mstep-git-source-hgautam-my-golang-master-releas-5f8zc-v788m[0m
{"level":"info","ts":1592445399.1494188,"logger":"fallback-logger","caller":"logging/config.go:69","msg":"Fetch GitHub commit ID from kodata failed: open /var/run/ko/refs/heads/0.8.0-ns-support: no such file or directory"}
{"level":"info","ts":1592445399.8502457,"logger":"fallback-logger","caller":"git/git.go:103","msg":"Successfully cloned https://github.com/*******/my-golang.git @ v0.0.2 in path /workspace/source"}

Showing logs for build [32mhgautam-my-golang-master-releas-5f8zc-2[0m stage [32mfrom-build-pack[0m and container [32mstep-git-merge[0m
Using SHAs from PULL_REFS=master:a7e67bd20c2ba1dc13b94eef0e6303b1d73aadb8
WARNING: no SHAs to merge, falling back to initial cloned commit

Showing logs for build [32mhgautam-my-golang-master-releas-5f8zc-2[0m stage [32mfrom-build-pack[0m and container [32mstep-setup-jx-git-credentials[0m
Generated Git credentials file /workspace/xdg_config/git/credentials

Showing logs for build [32mhgautam-my-golang-master-releas-5f8zc-2[0m stage [32mfrom-build-pack[0m and container [32mstep-build-make-build[0m
CGO_ENABLED=0 GO15VENDOREXPERIMENT=1 go build -ldflags '' -o bin/my-golang main.go

Showing logs for build [32mhgautam-my-golang-master-releas-5f8zc-2[0m stage [32mfrom-build-pack[0m and container [32mstep-build-container-build[0m
E0618 01:56:52.009662      10 aws_credentials.go:77] while getting AWS credentials NoCredentialProviders: no valid providers in chain. Deprecated.
	For verbose messaging see aws.Config.CredentialsChainVerboseErrors
[36mINFO[0m[0000] Resolved base name golang:alpine to build-env 
[36mINFO[0m[0000] Using dockerignore file: /workspace/source/.dockerignore 
[36mINFO[0m[0000] Retrieving image manifest golang:alpine      
E0618 01:56:52.284042      10 metadata.go:154] while reading 'google-dockercfg' metadata: http status code: 404 while fetching url http://metadata.google.internal./computeMetadata/v1/instance/attributes/google-dockercfg
E0618 01:56:52.286882      10 metadata.go:166] while reading 'google-dockercfg-url' metadata: http status code: 404 while fetching url http://metadata.google.internal./computeMetadata/v1/instance/attributes/google-dockercfg-url
[36mINFO[0m[0002] Retrieving image manifest golang:alpine      
[36mINFO[0m[0003] Retrieving image manifest alpine             
[36mINFO[0m[0003] Retrieving image manifest alpine             
[36mINFO[0m[0004] Built cross stage deps: map[0:[/go/src/my-golang/my-golang /go/src/my-golang/assets]] 
[36mINFO[0m[0004] Retrieving image manifest golang:alpine      
[36mINFO[0m[0005] Retrieving image manifest golang:alpine      
[36mINFO[0m[0006] Executing 0 build triggers                   
[36mINFO[0m[0006] Checking for cached layer gcr.io/integrated-oath-278216/cache:6cfbe4ce733e001cb2bfe4e581ce380f0054b2e9f5ce5011d7b45287ae9a1d71... 
[36mINFO[0m[0006] No cached layer found for cmd COPY . /go/src/my-golang 
[36mINFO[0m[0006] Unpacking rootfs as cmd COPY . /go/src/my-golang requires it. 
[36mINFO[0m[0014] WORKDIR /go/src                              
[36mINFO[0m[0014] cmd: workdir                                 
[36mINFO[0m[0014] Changed working directory to /go/src         
[36mINFO[0m[0014] No files changed in this command, skipping snapshotting. 
[36mINFO[0m[0015] COPY . /go/src/my-golang                     
[36mINFO[0m[0015] Resolving 129 paths                          
[36mINFO[0m[0015] Taking snapshot of files...                  
[36mINFO[0m[0015] RUN cd /go/src/my-golang && go build .       
[36mINFO[0m[0015] Taking snapshot of full filesystem...        
[36mINFO[0m[0015] Pushing layer gcr.io/integrated-oath-278216/cache:6cfbe4ce733e001cb2bfe4e581ce380f0054b2e9f5ce5011d7b45287ae9a1d71 to cache now 
[36mINFO[0m[0019] Resolving 11713 paths                        
[36mINFO[0m[0020] cmd: /bin/sh                                 
[36mINFO[0m[0020] args: [-c cd /go/src/my-golang && go build .] 
[36mINFO[0m[0020] Running: [/bin/sh -c cd /go/src/my-golang && go build .] 
[36mINFO[0m[0021] Taking snapshot of full filesystem...        
[36mINFO[0m[0021] Resolving 11713 paths                        
[36mINFO[0m[0023] Pushing layer gcr.io/integrated-oath-278216/cache:eb01852c95f96448ec9018f81bfcf29fb4cef4ec5c225f767019c575a6b98fa8 to cache now 
[36mINFO[0m[0026] Saving file go/src/my-golang/my-golang for later use 
[36mINFO[0m[0026] Saving file go/src/my-golang/assets for later use 
[36mINFO[0m[0026] Deleting filesystem...                       
[36mINFO[0m[0027] Retrieving image manifest alpine             
[36mINFO[0m[0028] Retrieving image manifest alpine             
[36mINFO[0m[0029] Executing 0 build triggers                   
[36mINFO[0m[0029] Checking for cached layer gcr.io/integrated-oath-278216/cache:a28f2a71a4a159437106de4999a1efa4d283c1f79f03d1a24db16b55d78f2849... 
[36mINFO[0m[0029] Using caching version of cmd: RUN apk update && apk add ca-certificates && rm -rf /var/cache/apk* 
[36mINFO[0m[0029] Checking for cached layer gcr.io/integrated-oath-278216/cache:8670051cbe259356f0da641a4dc6a09e39afc62db71d5a0c62e724103cff6438... 
[36mINFO[0m[0029] No cached layer found for cmd COPY --from=build-env /go/src/my-golang/my-golang /app 
[36mINFO[0m[0029] cmd: EXPOSE                                  
[36mINFO[0m[0029] Adding exposed port: 8080/tcp                
[36mINFO[0m[0029] Unpacking rootfs as cmd COPY --from=build-env /go/src/my-golang/my-golang /app requires it. 
[36mINFO[0m[0030] RUN apk update && apk add ca-certificates && rm -rf /var/cache/apk* 
[36mINFO[0m[0030] Found cached layer, extracting to filesystem 
[36mINFO[0m[0030] WORKDIR /app                                 
[36mINFO[0m[0030] cmd: workdir                                 
[36mINFO[0m[0030] Changed working directory to /app            
[36mINFO[0m[0030] Creating directory /app                      
[36mINFO[0m[0030] Resolving 1 paths                            
[36mINFO[0m[0030] Taking snapshot of files...                  
[36mINFO[0m[0030] COPY --from=build-env /go/src/my-golang/my-golang /app 
[36mINFO[0m[0030] Resolving 1 paths                            
[36mINFO[0m[0030] Taking snapshot of files...                  
[36mINFO[0m[0030] Pushing layer gcr.io/integrated-oath-278216/cache:8670051cbe259356f0da641a4dc6a09e39afc62db71d5a0c62e724103cff6438 to cache now 
[36mINFO[0m[0030] COPY --from=build-env /go/src/my-golang/assets /app/assets 
[36mINFO[0m[0030] Resolving 2 paths                            
[36mINFO[0m[0030] Taking snapshot of files...                  
[36mINFO[0m[0030] EXPOSE 8080                                  
[36mINFO[0m[0030] cmd: EXPOSE                                  
[36mINFO[0m[0030] Adding exposed port: 8080/tcp                
[36mINFO[0m[0030] Pushing layer gcr.io/integrated-oath-278216/cache:815b103348d87c95a91ec3da233dc6d7230c72f5d7a33ea187d3f38dfec2e113 to cache now 
[36mINFO[0m[0030] No files changed in this command, skipping snapshotting. 
[36mINFO[0m[0030] ENTRYPOINT [ "./my-golang" ]                 
[36mINFO[0m[0030] No files changed in this command, skipping snapshotting. 

Showing logs for build [32mhgautam-my-golang-master-releas-5f8zc-2[0m stage [32mfrom-build-pack[0m and container [32mstep-build-post-build[0m
no CVE provider running in the current ** namespace so skip adding image to be analysed

Showing logs for build [32mhgautam-my-golang-master-releas-5f8zc-2[0m stage [32mfrom-build-pack[0m and container [32mstep-promote-changelog[0m
Converted /workspace/source/charts/my-golang to an unshallow repository
Generating change log from git ref 54b6e107171c6f23fbf644731911fa2f19f699d8 => 3b73eb2302b26aee477bd8301bbb920cdd2251ed
WARNING: Failed to enrich commit 74a886dd34d5c0f75062555fd40015aaa48d80a7 with issues: selected more than one user from users.jenkins.io: [******* x-0]
WARNING: Failed to enrich commit 74a886dd34d5c0f75062555fd40015aaa48d80a7 with issues: selected more than one user from users.jenkins.io: [******* x-0]
Finding issues in commit messages using git format
WARNING: Failed to lookup issue 1 in issue tracker https://github.com/*******/my-golang due to GET https://api.github.com/repos/*******/my-golang/issues/1: 410 This issue was deleted []
WARNING: No release found for *******/my-golang and tag v0.0.2 so creating a new release
Updated the release information at https://github.com/*******/my-golang/releases/tag/v0.0.2
generated: /workspace/source/charts/my-golang/templates/release.yaml
Created Release my-golang-0-0-2 resource in namespace **
Updating PipelineActivity *******-my-golang-master-2 with version 0.0.2
Updated PipelineActivities *******-my-golang-master-2 with release notes URL: https://github.com/*******/my-golang/releases/tag/v0.0.2

Showing logs for build [32mhgautam-my-golang-master-releas-5f8zc-2[0m stage [32mfrom-build-pack[0m and container [32mstep-promote-helm-release[0m
WARNING: No $CHART_REPOSITORY defined so using the default value of: http://jenkins-x-chartmuseum:8080
Adding missing Helm repo: storage.googleapis.com https://storage.googleapis.com/chartmuseum.jenkins-x.io
Successfully added Helm repository storage.googleapis.com.
Adding missing Helm repo: jenkins-x-chartmuseum http://jenkins-x-chartmuseum:8080
Successfully added Helm repository jenkins-x-chartmuseum.
WARNING: No $CHART_REPOSITORY defined so using the default value of: http://jenkins-x-chartmuseum:8080
Uploading chart file my-golang-0.0.2.tgz to http://jenkins-x-chartmuseum:8080/api/charts
Received 201 response: {"saved":true}

Showing logs for build [32mhgautam-my-golang-master-releas-5f8zc-2[0m stage [32mfrom-build-pack[0m and container [32mstep-promote-jx-promote[0m
WARNING: prow based install so skip waiting for the merge of Pull Requests to go green as currently there is an issue with gettingstatuses from the PR, see https://github.com/jenkins-x/**/issues/2410
WARNING: No $CHART_REPOSITORY defined so using the default value of: http://jenkins-x-chartmuseum:8080
Promoting app my-golang version 0.0.2 to namespace **-staging
Created Pull Request: https://github.com/*******/environment-**boot-staging/pull/23
Added label updatebot to Pull Request https://github.com/*******/environment-**boot-staging/pull/23
got git provider status pending from PR https://github.com/*******/environment-**boot-staging/pull/23
got git provider status pending from PR https://github.com/*******/environment-**boot-staging/pull/23
got git provider status pending from PR https://github.com/*******/environment-**boot-staging/pull/23
got git provider status pending from PR https://github.com/*******/environment-**boot-staging/pull/23
Pull Request https://github.com/*******/environment-**boot-staging/pull/23 is merged at sha 5d1df0200db0352808420f9733d0e89d8cffd0d4
Pull Request merged but we are not waiting for the update pipeline to complete!
