
Showing logs for build [32mhgautam-my-golang-pr-8-pr-build-h5r4p-1[0m stage [32mfrom-build-pack[0m and container [32mstep-credential-initializer-pstwf[0m
{"level":"info","ts":1592423042.2628195,"logger":"fallback-logger","caller":"logging/config.go:69","msg":"Fetch GitHub commit ID from kodata failed: open /var/run/ko/refs/heads/0.8.0-ns-support: no such file or directory"}
{"level":"info","ts":1592423042.2632842,"logger":"fallback-logger","caller":"creds-init/main.go:40","msg":"Credentials initialized."}

Showing logs for build [32mhgautam-my-golang-pr-8-pr-build-h5r4p-1[0m stage [32mfrom-build-pack[0m and container [32mstep-working-dir-initializer-lgkc9[0m
{"level":"info","ts":1592423043.2174144,"logger":"fallback-logger","caller":"logging/config.go:69","msg":"Fetch GitHub commit ID from kodata failed: open /var/run/ko/HEAD: no such file or directory"}
{"level":"info","ts":1592423043.2187717,"logger":"fallback-logger","caller":"bash/main.go:64","msg":"Successfully executed command \"sh -c mkdir -p /workspace/source\"; output "}

Showing logs for build [32mhgautam-my-golang-pr-8-pr-build-h5r4p-1[0m stage [32mfrom-build-pack[0m and container [32mstep-place-tools[0m

Showing logs for build [32mhgautam-my-golang-pr-8-pr-build-h5r4p-1[0m stage [32mfrom-build-pack[0m and container [32mstep-git-source-hgautam-my-golang-pr-8-pr-build-h5r4p-rr824[0m
{"level":"info","ts":1592423053.3108468,"logger":"fallback-logger","caller":"logging/config.go:69","msg":"Fetch GitHub commit ID from kodata failed: open /var/run/ko/refs/heads/0.8.0-ns-support: no such file or directory"}
{"level":"info","ts":1592423054.0099986,"logger":"fallback-logger","caller":"git/git.go:103","msg":"Successfully cloned https://github.com/*******/my-golang.git @ master in path /workspace/source"}

Showing logs for build [32mhgautam-my-golang-pr-8-pr-build-h5r4p-1[0m stage [32mfrom-build-pack[0m and container [32mstep-git-merge[0m
Using SHAs from PULL_REFS=master:cded97faa841dfc21c4b74a9f99597c8239768f4,8:71d51ec80dcadbbff8898f9f59feb7c9e71ae73a
DEBUG: LC_ALL=C JX_LOG_LEVEL=error git fetch origin --unshallow 71d51ec80dcadbbff8898f9f59feb7c9e71ae73a: cded97faa841dfc21c4b74a9f99597c8239768f4:
DEBUG: ran git fetch --unshallow origin 71d51ec80dcadbbff8898f9f59feb7c9e71ae73a: cded97faa841dfc21c4b74a9f99597c8239768f4: in 
DEBUG: LC_ALL=C JX_LOG_LEVEL=error git branch
DEBUG: LC_ALL=C JX_LOG_LEVEL=error git checkout master
DEBUG: ran git checkout master in 
DEBUG: LC_ALL=C JX_LOG_LEVEL=error git reset --hard cded97faa841dfc21c4b74a9f99597c8239768f4
DEBUG: ran git reset --hard cded97faa841dfc21c4b74a9f99597c8239768f4 in 
DEBUG: LC_ALL=C JX_LOG_LEVEL=error git clean -fd .
DEBUG: ran clean --force -d . in 
DEBUG: LC_ALL=C JX_LOG_LEVEL=error git merge 71d51ec80dcadbbff8898f9f59feb7c9e71ae73a
DEBUG: ran git merge 71d51ec80dcadbbff8898f9f59feb7c9e71ae73a in 
DEBUG: LC_ALL=C JX_LOG_LEVEL=error git log --format=%H%x1f%an%x1f%ae%x1f%cn%x1f%ce%x1f%s%n%b%x1e cded97faa841dfc21c4b74a9f99597c8239768f4..HEAD
Merged SHA 71d51ec80dcadbbff8898f9f59feb7c9e71ae73a with commit message 'beautify homepage' into base branch master

Showing logs for build [32mhgautam-my-golang-pr-8-pr-build-h5r4p-1[0m stage [32mfrom-build-pack[0m and container [32mstep-build-make-linux[0m
CGO_ENABLED=0 GOOS=linux GOARCH=amd64 GO15VENDOREXPERIMENT=1 go build -ldflags '' -o bin/my-golang main.go

Showing logs for build [32mhgautam-my-golang-pr-8-pr-build-h5r4p-1[0m stage [32mfrom-build-pack[0m and container [32mstep-build-container-build[0m
E0617 19:44:26.712288      10 aws_credentials.go:77] while getting AWS credentials NoCredentialProviders: no valid providers in chain. Deprecated.
	For verbose messaging see aws.Config.CredentialsChainVerboseErrors
[36mINFO[0m[0000] Resolved base name golang:alpine to build-env 
[36mINFO[0m[0000] Using dockerignore file: /workspace/source/.dockerignore 
[36mINFO[0m[0000] Retrieving image manifest golang:alpine      
E0617 19:44:27.060031      10 metadata.go:154] while reading 'google-dockercfg' metadata: http status code: 404 while fetching url http://metadata.google.internal./computeMetadata/v1/instance/attributes/google-dockercfg
E0617 19:44:27.062764      10 metadata.go:166] while reading 'google-dockercfg-url' metadata: http status code: 404 while fetching url http://metadata.google.internal./computeMetadata/v1/instance/attributes/google-dockercfg-url
[36mINFO[0m[0002] Retrieving image manifest golang:alpine      
[36mINFO[0m[0003] Retrieving image manifest alpine             
[36mINFO[0m[0003] Retrieving image manifest alpine             
[36mINFO[0m[0004] Built cross stage deps: map[0:[/go/src/my-golang/my-golang /go/src/my-golang/assets]] 
[36mINFO[0m[0004] Retrieving image manifest golang:alpine      
[36mINFO[0m[0005] Retrieving image manifest golang:alpine      
[36mINFO[0m[0005] Executing 0 build triggers                   
[36mINFO[0m[0006] Checking for cached layer gcr.io/integrated-oath-278216/cache:627ecd8332b0cb41e68e643ef6322de091dec5f463a0e7d55c32a6d175ea015d... 
[36mINFO[0m[0006] No cached layer found for cmd COPY . /go/src/my-golang 
[36mINFO[0m[0006] Unpacking rootfs as cmd COPY . /go/src/my-golang requires it. 
[36mINFO[0m[0014] WORKDIR /go/src                              
[36mINFO[0m[0014] cmd: workdir                                 
[36mINFO[0m[0014] Changed working directory to /go/src         
[36mINFO[0m[0014] No files changed in this command, skipping snapshotting. 
[36mINFO[0m[0014] COPY . /go/src/my-golang                     
[36mINFO[0m[0014] Resolving 221 paths                          
[36mINFO[0m[0014] Taking snapshot of files...                  
[36mINFO[0m[0015] RUN cd /go/src/my-golang && go build .       
[36mINFO[0m[0015] Taking snapshot of full filesystem...        
[36mINFO[0m[0015] Pushing layer gcr.io/integrated-oath-278216/cache:627ecd8332b0cb41e68e643ef6322de091dec5f463a0e7d55c32a6d175ea015d to cache now 
[36mINFO[0m[0018] Resolving 11805 paths                        
[36mINFO[0m[0020] cmd: /bin/sh                                 
[36mINFO[0m[0020] args: [-c cd /go/src/my-golang && go build .] 
[36mINFO[0m[0020] Running: [/bin/sh -c cd /go/src/my-golang && go build .] 
[36mINFO[0m[0021] Taking snapshot of full filesystem...        
[36mINFO[0m[0021] Resolving 11805 paths                        
[36mINFO[0m[0023] Pushing layer gcr.io/integrated-oath-278216/cache:602af36b143e8f5c6e2aca61a55205409c4fa3c848528ef8f47555888a1592a0 to cache now 
[36mINFO[0m[0026] Saving file go/src/my-golang/my-golang for later use 
[36mINFO[0m[0026] Saving file go/src/my-golang/assets for later use 
[36mINFO[0m[0026] Deleting filesystem...                       
[36mINFO[0m[0027] Retrieving image manifest alpine             
[36mINFO[0m[0027] Retrieving image manifest alpine             
[36mINFO[0m[0028] Executing 0 build triggers                   
[36mINFO[0m[0028] Checking for cached layer gcr.io/integrated-oath-278216/cache:a28f2a71a4a159437106de4999a1efa4d283c1f79f03d1a24db16b55d78f2849... 
[36mINFO[0m[0028] Using caching version of cmd: RUN apk update && apk add ca-certificates && rm -rf /var/cache/apk* 
[36mINFO[0m[0028] Checking for cached layer gcr.io/integrated-oath-278216/cache:ddbea90fa433b74c7b156180aa4c9a5da8b232d905ec151c4f7ec0b7ec3554e7... 
[36mINFO[0m[0029] No cached layer found for cmd COPY --from=build-env /go/src/my-golang/my-golang /app 
[36mINFO[0m[0029] cmd: EXPOSE                                  
[36mINFO[0m[0029] Adding exposed port: 8080/tcp                
[36mINFO[0m[0029] Unpacking rootfs as cmd COPY --from=build-env /go/src/my-golang/my-golang /app requires it. 
[36mINFO[0m[0029] RUN apk update && apk add ca-certificates && rm -rf /var/cache/apk* 
[36mINFO[0m[0029] Found cached layer, extracting to filesystem 
[36mINFO[0m[0029] WORKDIR /app                                 
[36mINFO[0m[0029] cmd: workdir                                 
[36mINFO[0m[0029] Changed working directory to /app            
[36mINFO[0m[0029] Creating directory /app                      
[36mINFO[0m[0029] Resolving 1 paths                            
[36mINFO[0m[0029] Taking snapshot of files...                  
[36mINFO[0m[0029] COPY --from=build-env /go/src/my-golang/my-golang /app 
[36mINFO[0m[0029] Resolving 1 paths                            
[36mINFO[0m[0029] Taking snapshot of files...                  
[36mINFO[0m[0029] Pushing layer gcr.io/integrated-oath-278216/cache:ddbea90fa433b74c7b156180aa4c9a5da8b232d905ec151c4f7ec0b7ec3554e7 to cache now 
[36mINFO[0m[0030] COPY --from=build-env /go/src/my-golang/assets /app/assets 
[36mINFO[0m[0030] Resolving 2 paths                            
[36mINFO[0m[0030] Taking snapshot of files...                  
[36mINFO[0m[0030] EXPOSE 8080                                  
[36mINFO[0m[0030] cmd: EXPOSE                                  
[36mINFO[0m[0030] Adding exposed port: 8080/tcp                
[36mINFO[0m[0030] No files changed in this command, skipping snapshotting. 
[36mINFO[0m[0030] ENTRYPOINT [ "./my-golang" ]                 
[36mINFO[0m[0030] No files changed in this command, skipping snapshotting. 
[36mINFO[0m[0030] Pushing layer gcr.io/integrated-oath-278216/cache:352d0098dd7ca559a0ef0865f495e01ec5463ce3f44188a97dbf6c48339ed83e to cache now 

Showing logs for build [32mhgautam-my-golang-pr-8-pr-build-h5r4p-1[0m stage [32mfrom-build-pack[0m and container [32mstep-postbuild-post-build[0m
no CVE provider running in the current ** namespace so skip adding image to be analysed

Showing logs for build [32mhgautam-my-golang-pr-8-pr-build-h5r4p-1[0m stage [32mfrom-build-pack[0m and container [32mstep-promote-make-preview[0m
sed -i -e "s/version:.*/version: 0.0.0-SNAPSHOT-PR-8-1/" Chart.yaml
sed -i -e "s/version:.*/version: 0.0.0-SNAPSHOT-PR-8-1/" ../*/Chart.yaml
sed -i -e "s|repository:.*|repository: gcr.io\/integrated-oath-278216\/my-golang|" values.yaml
sed -i -e "s/tag:.*/tag: 0.0.0-SNAPSHOT-PR-8-1/" values.yaml
echo "  version: 0.0.0-SNAPSHOT-PR-8-1" >> requirements.yaml
** step helm build
WARNING: No $CHART_REPOSITORY defined so using the default value of: http://jenkins-x-chartmuseum:8080
Adding missing Helm repo: storage.googleapis.com https://storage.googleapis.com/chartmuseum.jenkins-x.io
Successfully added Helm repository storage.googleapis.com.
Adding missing Helm repo: jenkins-x-chartmuseum http://jenkins-x-chartmuseum:8080
Successfully added Helm repository jenkins-x-chartmuseum.
WARNING: No $CHART_REPOSITORY defined so using the default value of: http://jenkins-x-chartmuseum:8080
Adding missing Helm repo: chartmuseum.jenkins-x.io http://chartmuseum.jenkins-x.io
Successfully added Helm repository chartmuseum.jenkins-x.io.

Showing logs for build [32mhgautam-my-golang-pr-8-pr-build-h5r4p-1[0m stage [32mfrom-build-pack[0m and container [32mstep-promote-jx-preview[0m
Creating a preview
Found commit author match for: ******* with email address: himanshu@aplimasolutions.com
Created environment *******-my-golang-pr-8
Namespace **-*******-my-golang-pr-8 created 
expose:
  Annotations:
    helm.sh/hook: post-install,post-upgrade
    helm.sh/hook-delete-policy: hook-succeeded
  config:
    domain: 34.82.184.243.nip.io
    exposer: Ingress
    http: "true"
preview:
  image:
    repository: gcr.io/integrated-oath-278216/my-golang
    tag: 0.0.0-SNAPSHOT-PR-8-1

Updating PipelineActivities *******-my-golang-pr-8-1 which has status Running
Preview application is now available at: http://my-golang.**-*******-my-golang-pr-8.34.82.184.243.nip.io
