
Showing logs for build [32msb1975-my-golang-master-qz6f7-1[0m stage [32mfrom-build-pack[0m and container [32mcredential-initializer[0m
{"level":"info","ts":1610767719.4343746,"caller":"creds-init/main.go:44","msg":"Credentials initialized."}

Showing logs for build [32msb1975-my-golang-master-qz6f7-1[0m stage [32mfrom-build-pack[0m and container [32mworking-dir-initializer[0m

Showing logs for build [32msb1975-my-golang-master-qz6f7-1[0m stage [32mfrom-build-pack[0m and container [32mplace-tools[0m

Showing logs for build [32msb1975-my-golang-master-qz6f7-1[0m stage [32mfrom-build-pack[0m and container [32mstep-git-source-sb1975-my-golang-master-qz6f7-sncnf[0m
{"level":"info","ts":1610767726.5050378,"caller":"git/git.go:105","msg":"Successfully cloned https://github.com/******/my-golang.git @ v0.0.7 in path /workspace/source"}
{"level":"warn","ts":1610767726.5051339,"caller":"git/git.go:152","msg":"Unexpected error: creating symlink: symlink /tekton/home/.ssh /root/.ssh: file exists"}
{"level":"info","ts":1610767726.542592,"caller":"git/git.go:133","msg":"Successfully initialized and updated submodules in path /workspace/source"}

Showing logs for build [32msb1975-my-golang-master-qz6f7-1[0m stage [32mfrom-build-pack[0m and container [32mstep-setup-builder-home[0m

Showing logs for build [32msb1975-my-golang-master-qz6f7-1[0m stage [32mfrom-build-pack[0m and container [32mstep-git-merge[0m
Using SHAs from PULL_REFS=master:
WARNING: no SHAs to merge, falling back to initial cloned commit

Showing logs for build [32msb1975-my-golang-master-qz6f7-1[0m stage [32mfrom-build-pack[0m and container [32mstep-setup-jx-git-credentials[0m
Generated Git credentials file /workspace/xdg_config/git/credentials

Showing logs for build [32msb1975-my-golang-master-qz6f7-1[0m stage [32mfrom-build-pack[0m and container [32mstep-build-make-build[0m
CGO_ENABLED=0 GO15VENDOREXPERIMENT=1 go build -ldflags '' -o bin/my-golang main.go

Showing logs for build [32msb1975-my-golang-master-qz6f7-1[0m stage [32mfrom-build-pack[0m and container [32mstep-build-container-build[0m
E0116 03:29:02.824595      10 aws_credentials.go:77] while getting AWS credentials NoCredentialProviders: no valid providers in chain. Deprecated.
	For verbose messaging see aws.Config.CredentialsChainVerboseErrors
[36mINFO[0m[0000] Resolved base name golang:1.14-alpine to build 
[36mINFO[0m[0000] Using dockerignore file: /workspace/source/.dockerignore 
[36mINFO[0m[0000] Retrieving image manifest build-env          
E0116 03:29:03.161102      10 metadata.go:154] while reading 'google-dockercfg' metadata: http status code: 404 while fetching url http://metadata.google.internal./computeMetadata/v1/instance/attributes/google-dockercfg
E0116 03:29:03.164156      10 metadata.go:166] while reading 'google-dockercfg-url' metadata: http status code: 404 while fetching url http://metadata.google.internal./computeMetadata/v1/instance/attributes/google-dockercfg-url
error building image: GET https://index.docker.io/v2/library/build-env/manifests/latest: UNAUTHORIZED: authentication required; [map[Action:pull Class: Name:library/build-env Type:repository]]
[31m
Pipeline failed on stage 'from-build-pack' : container 'step-build-container-build'. The execution of the pipeline has stopped.[0m
