
Showing logs for build [32mhgautam-my-golang-pr-7-pr-build-phkhv-1[0m stage [32mfrom-build-pack[0m and container [32mstep-credential-initializer-rp67q[0m
{"level":"info","ts":1592334003.5261004,"logger":"fallback-logger","caller":"logging/config.go:69","msg":"Fetch GitHub commit ID from kodata failed: open /var/run/ko/refs/heads/0.8.0-ns-support: no such file or directory"}
{"level":"info","ts":1592334003.5267334,"logger":"fallback-logger","caller":"creds-init/main.go:40","msg":"Credentials initialized."}

Showing logs for build [32mhgautam-my-golang-pr-7-pr-build-phkhv-1[0m stage [32mfrom-build-pack[0m and container [32mstep-working-dir-initializer-g47mt[0m
{"level":"info","ts":1592334005.434732,"logger":"fallback-logger","caller":"logging/config.go:69","msg":"Fetch GitHub commit ID from kodata failed: open /var/run/ko/HEAD: no such file or directory"}
{"level":"info","ts":1592334005.4359365,"logger":"fallback-logger","caller":"bash/main.go:64","msg":"Successfully executed command \"sh -c mkdir -p /workspace/source\"; output "}

Showing logs for build [32mhgautam-my-golang-pr-7-pr-build-phkhv-1[0m stage [32mfrom-build-pack[0m and container [32mstep-place-tools[0m

Showing logs for build [32mhgautam-my-golang-pr-7-pr-build-phkhv-1[0m stage [32mfrom-build-pack[0m and container [32mstep-git-source-hgautam-my-golang-pr-7-pr-build-phkhv-cqcnp[0m
{"level":"info","ts":1592334012.7693405,"logger":"fallback-logger","caller":"logging/config.go:69","msg":"Fetch GitHub commit ID from kodata failed: open /var/run/ko/refs/heads/0.8.0-ns-support: no such file or directory"}
{"level":"info","ts":1592334013.421205,"logger":"fallback-logger","caller":"git/git.go:103","msg":"Successfully cloned https://github.com/*******/my-golang.git @ master in path /workspace/source"}

Showing logs for build [32mhgautam-my-golang-pr-7-pr-build-phkhv-1[0m stage [32mfrom-build-pack[0m and container [32mstep-git-merge[0m
Using SHAs from PULL_REFS=master:7c68e18f937c6ad9250b0ddf8481c4caedef0569,7:5c534327a4548a68aa8413cfb304e69f152fa507
DEBUG: LC_ALL=C JX_LOG_LEVEL=error git fetch origin --unshallow 5c534327a4548a68aa8413cfb304e69f152fa507: 7c68e18f937c6ad9250b0ddf8481c4caedef0569:
DEBUG: ran git fetch --unshallow origin 5c534327a4548a68aa8413cfb304e69f152fa507: 7c68e18f937c6ad9250b0ddf8481c4caedef0569: in 
DEBUG: LC_ALL=C JX_LOG_LEVEL=error git branch
DEBUG: LC_ALL=C JX_LOG_LEVEL=error git checkout master
DEBUG: ran git checkout master in 
DEBUG: LC_ALL=C JX_LOG_LEVEL=error git reset --hard 7c68e18f937c6ad9250b0ddf8481c4caedef0569
DEBUG: ran git reset --hard 7c68e18f937c6ad9250b0ddf8481c4caedef0569 in 
DEBUG: LC_ALL=C JX_LOG_LEVEL=error git clean -fd .
DEBUG: ran clean --force -d . in 
DEBUG: LC_ALL=C JX_LOG_LEVEL=error git merge 5c534327a4548a68aa8413cfb304e69f152fa507
DEBUG: ran git merge 5c534327a4548a68aa8413cfb304e69f152fa507 in 
DEBUG: LC_ALL=C JX_LOG_LEVEL=error git log --format=%H%x1f%an%x1f%ae%x1f%cn%x1f%ce%x1f%s%n%b%x1e 7c68e18f937c6ad9250b0ddf8481c4caedef0569..HEAD
Merged SHA 5c534327a4548a68aa8413cfb304e69f152fa507 with commit message 'change title' into base branch master
Merged SHA 6b7ddaf90eeb9c6d7dfc0549701d826c9c24b8e9 with commit message 'fix error' into base branch master
Merged SHA 72b3932a5d937b407b89c73da7510ae75e2c5ad7 with commit message 'modify main.go' into base branch master

Showing logs for build [32mhgautam-my-golang-pr-7-pr-build-phkhv-1[0m stage [32mfrom-build-pack[0m and container [32mstep-build-make-linux[0m
CGO_ENABLED=0 GOOS=linux GOARCH=amd64 GO15VENDOREXPERIMENT=1 go build -ldflags '' -o bin/my-golang main.go

Showing logs for build [32mhgautam-my-golang-pr-7-pr-build-phkhv-1[0m stage [32mfrom-build-pack[0m and container [32mstep-build-container-build[0m
E0616 19:00:26.541050      10 aws_credentials.go:77] while getting AWS credentials NoCredentialProviders: no valid providers in chain. Deprecated.
	For verbose messaging see aws.Config.CredentialsChainVerboseErrors
[36mINFO[0m[0000] Using dockerignore file: /workspace/source/.dockerignore 
[36mINFO[0m[0000] No base image, nothing to extract            
[36mINFO[0m[0000] Built cross stage deps: map[]                
[36mINFO[0m[0000] No base image, nothing to extract            
[36mINFO[0m[0000] Executing 0 build triggers                   
[36mINFO[0m[0000] cmd: EXPOSE                                  
[36mINFO[0m[0000] Adding exposed port: 8080/tcp                
[36mINFO[0m[0000] Checking for cached layer gcr.io/integrated-oath-278216/cache:d348255d3b42846bc63e031865dbffa47a03afbed63e56f87ee3d626d778a82b... 
[36mINFO[0m[0001] No cached layer found for cmd COPY ./bin/ /  
[36mINFO[0m[0001] Unpacking rootfs as cmd COPY ./bin/ / requires it. 
[36mINFO[0m[0001] EXPOSE 8080                                  
[36mINFO[0m[0001] cmd: EXPOSE                                  
[36mINFO[0m[0001] Adding exposed port: 8080/tcp                
[36mINFO[0m[0001] No files changed in this command, skipping snapshotting. 
[36mINFO[0m[0001] ENTRYPOINT ["/my-golang"]                    
[36mINFO[0m[0001] No files changed in this command, skipping snapshotting. 
[36mINFO[0m[0001] COPY ./bin/ /                                
[36mINFO[0m[0001] Resolving 2 paths                            
[36mINFO[0m[0001] Taking snapshot of files...                  
[36mINFO[0m[0001] Pushing layer gcr.io/integrated-oath-278216/cache:d348255d3b42846bc63e031865dbffa47a03afbed63e56f87ee3d626d778a82b to cache now 

Showing logs for build [32mhgautam-my-golang-pr-7-pr-build-phkhv-1[0m stage [32mfrom-build-pack[0m and container [32mstep-postbuild-post-build[0m
no CVE provider running in the current ** namespace so skip adding image to be analysed

Showing logs for build [32mhgautam-my-golang-pr-7-pr-build-phkhv-1[0m stage [32mfrom-build-pack[0m and container [32mstep-promote-make-preview[0m
sed -i -e "s/version:.*/version: 0.0.0-SNAPSHOT-PR-7-1/" Chart.yaml
sed -i -e "s/version:.*/version: 0.0.0-SNAPSHOT-PR-7-1/" ../*/Chart.yaml
sed -i -e "s|repository:.*|repository: gcr.io\/integrated-oath-278216\/my-golang|" values.yaml
sed -i -e "s/tag:.*/tag: 0.0.0-SNAPSHOT-PR-7-1/" values.yaml
echo "  version: 0.0.0-SNAPSHOT-PR-7-1" >> requirements.yaml
** step helm build
WARNING: No $CHART_REPOSITORY defined so using the default value of: http://jenkins-x-chartmuseum:8080
Adding missing Helm repo: storage.googleapis.com https://storage.googleapis.com/chartmuseum.jenkins-x.io
Successfully added Helm repository storage.googleapis.com.
Adding missing Helm repo: jenkins-x-chartmuseum http://jenkins-x-chartmuseum:8080
Successfully added Helm repository jenkins-x-chartmuseum.
WARNING: No $CHART_REPOSITORY defined so using the default value of: http://jenkins-x-chartmuseum:8080
Adding missing Helm repo: chartmuseum.jenkins-x.io http://chartmuseum.jenkins-x.io
Successfully added Helm repository chartmuseum.jenkins-x.io.

Showing logs for build [32mhgautam-my-golang-pr-7-pr-build-phkhv-1[0m stage [32mfrom-build-pack[0m and container [32mstep-promote-jx-preview[0m
Creating a preview
Found commit author match for: ******* with email address: himanshu@aplimasolutions.com
Created environment *******-my-golang-pr-7
Namespace **-*******-my-golang-pr-7 created 
expose:
  Annotations:
    helm.sh/hook: post-install,post-upgrade
    helm.sh/hook-delete-policy: hook-succeeded
  config:
    domain: 34.83.59.100.nip.io
    exposer: Ingress
    http: "true"
preview:
  image:
    repository: gcr.io/integrated-oath-278216/my-golang
    tag: 0.0.0-SNAPSHOT-PR-7-1

Updating PipelineActivities *******-my-golang-pr-7-1 which has status Running
Preview application is now available at: http://my-golang.**-*******-my-golang-pr-7.34.83.59.100.nip.io
